<?xml version="1.0" encoding="UTF-8"?>
<!-- Generated by org.testng.reporters.JUnitXMLReporter -->
<testsuite hostname="DESKTOP-KHTEF8U" ignored="0" name="Surefire test" tests="6" failures="0" timestamp="24 Feb 2021 05:58:39 GMT" time="0.042" errors="0">
  <testcase name="demotest5" time="0.007" classname="Qaclickacademy.mavanProject.AppiumTest"/>
  <testcase name="demotest6" time="0.0" classname="Qaclickacademy.mavanProject.AppiumTest"/>
  <testcase name="demotest3" time="0.0" classname="Qaclickacademy.mavanProject.RestApiTest"/>
  <testcase name="demotest4" time="0.0" classname="Qaclickacademy.mavanProject.RestApiTest"/>
  <testcase name="demotest1" time="0.001" classname="Qaclickacademy.mavanProject.seleniumTest"/>
  <testcase name="demotest2" time="0.0" classname="Qaclickacademy.mavanProject.seleniumTest"/>
</testsuite> <!-- Surefire test -->
