<?xml version="1.0" encoding="UTF-8"?>
<!-- Generated by org.testng.reporters.JUnitXMLReporter -->
<testsuite hostname="DESKTOP-KHTEF8U" ignored="0" name="Test" tests="6" failures="0" timestamp="23 Feb 2021 17:41:30 GMT" time="0.059" errors="0">
  <testcase name="demotest5" time="0.011" classname="Qaclickacademy.mavanProject.Appium"/>
  <testcase name="demotest6" time="0.001" classname="Qaclickacademy.mavanProject.Appium"/>
  <testcase name="demotest1" time="0.002" classname="Qaclickacademy.mavanProject.seleniumTest"/>
  <testcase name="demotest2" time="0.001" classname="Qaclickacademy.mavanProject.seleniumTest"/>
  <testcase name="demotest3" time="0.001" classname="Qaclickacademy.mavanProject.RestApi"/>
  <testcase name="demotest4" time="0.001" classname="Qaclickacademy.mavanProject.RestApi"/>
</testsuite> <!-- Test -->
