<?xml version="1.0" encoding="UTF-8"?>
<testsuite xmlns:xsi="http://www.w3.org/2001/XMLSchema-instance" xsi:noNamespaceSchemaLocation="https://maven.apache.org/surefire/maven-surefire-plugin/xsd/surefire-test-report-3.0.xsd" version="3.0" name="TestSuite" time="0.745" tests="6" errors="0" skipped="0" failures="0">
  <properties>
[...]
</properties>
  <testcase name="demotest5" classname="Qaclickacademy.mavanProject.AppiumTest" time="0.009">
    <system-out><![CDATA[demotest5
]]></system-out>
  </testcase>
  <testcase name="demotest6" classname="Qaclickacademy.mavanProject.AppiumTest" time="0">
    <system-out><![CDATA[demotest6
]]></system-out>
  </testcase>
  <testcase name="demotest3" classname="Qaclickacademy.mavanProject.RestApiTest" time="0.002">
    <system-out><![CDATA[demotest3
]]></system-out>
  </testcase>
  <testcase name="demotest4" classname="Qaclickacademy.mavanProject.RestApiTest" time="0.001">
    <system-out><![CDATA[demotest4
]]></system-out>
  </testcase>
  <testcase name="demotest1" classname="Qaclickacademy.mavanProject.seleniumTest" time="0.002">
    <system-out><![CDATA[demotest1
]]></system-out>
  </testcase>
  <testcase name="demotest2" classname="Qaclickacademy.mavanProject.seleniumTest" time="0.001">
    <system-out><![CDATA[demotest2
]]></system-out>
  </testcase>
</testsuite>